<?xml version="1.0" encoding="UTF-8"?>
<!-- Generated by org.testng.reporters.JUnitXMLReporter -->
<testsuite ignored="0" hostname="HW00815" failures="0" tests="4" name="Default test" time="0.488" errors="0" timestamp="2023-06-20T15:47:29 IST">
  <testcase classname="JavaStreamDemo" name="regular" time="0.014"/>
  <testcase classname="JavaStreamDemo" name="streamDemo" time="0.006"/>
  <testcase classname="JavaStreamDemo" name="sitemap" time="0.012"/>
  <testcase classname="JavaStreamDemo" name="streamCollect" time="0.008"/>
</testsuite> <!-- Default test -->
