<?xml version="1.0" encoding="UTF-8"?>
<testng-results ignored="0" total="4" passed="4" failed="0" skipped="0">
  <reporter-output>
  </reporter-output>
  <suite started-at="2023-06-20T15:47:29 IST" name="Default suite" finished-at="2023-06-20T15:47:29 IST" duration-ms="488">
    <groups>
    </groups>
    <test started-at="2023-06-20T15:47:29 IST" name="Default test" finished-at="2023-06-20T15:47:29 IST" duration-ms="488">
      <class name="JavaStreamDemo">
        <test-method signature="regular()[pri:1, instance:JavaStreamDemo@82de64a]" started-at="2023-06-20T15:47:29 IST" name="regular" finished-at="2023-06-20T15:47:29 IST" duration-ms="14" status="PASS">
          <reporter-output>
          </reporter-output>
        </test-method> <!-- regular -->
        <test-method signature="streamDemo()[pri:2, instance:JavaStreamDemo@82de64a]" started-at="2023-06-20T15:47:29 IST" name="streamDemo" finished-at="2023-06-20T15:47:29 IST" duration-ms="6" status="PASS">
          <reporter-output>
          </reporter-output>
        </test-method> <!-- streamDemo -->
        <test-method signature="sitemap()[pri:3, instance:JavaStreamDemo@82de64a]" started-at="2023-06-20T15:47:29 IST" name="sitemap" finished-at="2023-06-20T15:47:29 IST" duration-ms="12" status="PASS">
          <reporter-output>
          </reporter-output>
        </test-method> <!-- sitemap -->
        <test-method signature="streamCollect()[pri:4, instance:JavaStreamDemo@82de64a]" started-at="2023-06-20T15:47:29 IST" name="streamCollect" finished-at="2023-06-20T15:47:29 IST" duration-ms="8" status="PASS">
          <reporter-output>
          </reporter-output>
        </test-method> <!-- streamCollect -->
      </class> <!-- JavaStreamDemo -->
    </test> <!-- Default test -->
  </suite> <!-- Default suite -->
</testng-results>
